<?xml version="1.0" encoding="UTF-8"?>
<!-- Generated by org.testng.reporters.JUnitReportReporter -->
<testsuite hostname="DESKTOP-6N2FK7G" name="Locatorpage.RunPage" tests="2" failures="0" timestamp="20 Jan 2023 02:31:40 GMT" time="18.560" errors="0">
  <testcase name="Timer" time="8.438" classname="Locatorpage.RunPage"/>
  <testcase name="Helpform" time="10.122" classname="Locatorpage.RunPage"/>
</testsuite> <!-- Locatorpage.RunPage -->
